#
# There is insufficient memory for the Java Runtime Environment to continue.
# Native memory allocation (malloc) failed to allocate 32744 bytes. Error detail: Chunk::new
# Possible reasons:
#   The system is out of physical RAM or swap space
#   This process is running with CompressedOops enabled, and the Java Heap may be blocking the growth of the native heap
# Possible solutions:
#   Reduce memory load on the system
#   Increase physical memory or swap space
#   Check if swap backing store is full
#   Decrease Java heap size (-Xmx/-Xms)
#   Decrease number of Java threads
#   Decrease Java thread stack sizes (-Xss)
#   Set larger code cache with -XX:ReservedCodeCacheSize=
#   JVM is running with Unscaled Compressed Oops mode in which the Java heap is
#     placed in the first 4GB address space. The Java Heap base address is the
#     maximum limit for the native heap growth. Please use -XX:HeapBaseMinAddress
#     to set the Java Heap base and to place the Java Heap above 4GB virtual address.
# This output file may be truncated or incomplete.
#
#  Out of Memory Error (arena.cpp:168), pid=18144, tid=23076
#
# JRE version: OpenJDK Runtime Environment Temurin-21.0.7+6 (21.0.7+6) (build 21.0.7+6-LTS)
# Java VM: OpenJDK 64-Bit Server VM Temurin-21.0.7+6 (21.0.7+6-LTS, mixed mode, sharing, tiered, compressed oops, compressed class ptrs, parallel gc, windows-amd64)
# No core dump will be written. Minidumps are not enabled by default on client versions of Windows
#

---------------  S U M M A R Y ------------

Command Line: --add-modules=ALL-SYSTEM --add-opens=java.base/java.util=ALL-UNNAMED --add-opens=java.base/java.lang=ALL-UNNAMED --add-opens=java.base/sun.nio.fs=ALL-UNNAMED -Declipse.application=org.eclipse.jdt.ls.core.id1 -Dosgi.bundles.defaultStartLevel=4 -Declipse.product=org.eclipse.jdt.ls.core.product -Djava.import.generatesMetadataFilesAtProjectRoot=false -DDetectVMInstallationsJob.disabled=true -Dfile.encoding=utf8 -XX:+UseParallelGC -XX:GCTimeRatio=4 -XX:AdaptiveSizePolicyWeight=90 -Dsun.zip.disableMemoryMapping=true -Xmx1G -Xms100m -Xlog:disable -javaagent:c:\Users\jeffe\.vscode\extensions\redhat.java-1.42.0-win32-x64\lombok\lombok-1.18.36.jar c:\Users\jeffe\.vscode\extensions\redhat.java-1.42.0-win32-x64\server\plugins\org.eclipse.equinox.launcher_1.7.0.v20250424-1814.jar -configuration c:\Users\jeffe\AppData\Roaming\Code\User\globalStorage\redhat.java\1.42.0\config_ss_win -data c:\Users\jeffe\AppData\Roaming\Code\User\workspaceStorage\8090ab8cd502d47d9f584578e3609a46\redhat.java\ss_ws --pipe=\\.\pipe\lsp-e55d479b6daab306034bfee2d8bebf9e-sock

Host: AMD Ryzen 5 5500U with Radeon Graphics         , 12 cores, 5G,  Windows 11 , 64 bit Build 22621 (10.0.22621.5415)
Time: Sun Jun 15 10:46:19 2025 Hora Padrão de Buenos Aires elapsed time: 0.127807 seconds (0d 0h 0m 0s)

---------------  T H R E A D  ---------------

Current thread (0x0000029e764a3f10):  JavaThread "C2 CompilerThread0" daemon [_thread_in_vm, id=23076, stack(0x000000ce1f000000,0x000000ce1f100000) (1024K)]

Stack: [0x000000ce1f000000,0x000000ce1f100000]
Native frames: (J=compiled Java code, j=interpreted, Vv=VM code, C=native code)
V  [jvm.dll+0x6ce119]
V  [jvm.dll+0x8a84a1]
V  [jvm.dll+0x8aa9ce]
V  [jvm.dll+0x8ab0b3]
V  [jvm.dll+0x27f8a6]
V  [jvm.dll+0xc507d]
V  [jvm.dll+0xc55b3]
V  [jvm.dll+0x6f9a7c]
V  [jvm.dll+0x1e00f6]
V  [jvm.dll+0x247c42]
V  [jvm.dll+0x246196]
V  [jvm.dll+0x7289e9]
V  [jvm.dll+0x7285db]
V  [jvm.dll+0x1c7872]
V  [jvm.dll+0x255b00]
V  [jvm.dll+0x254dc7]
V  [jvm.dll+0x3f03f6]
V  [jvm.dll+0x851f6b]
V  [jvm.dll+0x6cc7dd]
C  [ucrtbase.dll+0x29333]
C  [KERNEL32.DLL+0x1259d]
C  [ntdll.dll+0x5af78]


---------------  P R O C E S S  ---------------

Threads class SMR info:
_java_thread_list=0x0000029e7658f620, length=10, elements={
0x0000029e6f0a1250, 0x0000029e76494090, 0x0000029e76494ce0, 0x0000029e76498150,
0x0000029e76499820, 0x0000029e7649edc0, 0x0000029e764a0160, 0x0000029e764a3f10,
0x0000029e764cf610, 0x0000029e7659a560
}

Java Threads: ( => current thread )
  0x0000029e6f0a1250 JavaThread "main"                              [_thread_in_Java, id=19756, stack(0x000000ce1e600000,0x000000ce1e700000) (1024K)]
  0x0000029e76494090 JavaThread "Reference Handler"          daemon [_thread_blocked, id=4184, stack(0x000000ce1ea00000,0x000000ce1eb00000) (1024K)]
  0x0000029e76494ce0 JavaThread "Finalizer"                  daemon [_thread_blocked, id=10252, stack(0x000000ce1eb00000,0x000000ce1ec00000) (1024K)]
  0x0000029e76498150 JavaThread "Signal Dispatcher"          daemon [_thread_blocked, id=22632, stack(0x000000ce1ec00000,0x000000ce1ed00000) (1024K)]
  0x0000029e76499820 JavaThread "Attach Listener"            daemon [_thread_blocked, id=22376, stack(0x000000ce1ed00000,0x000000ce1ee00000) (1024K)]
  0x0000029e7649edc0 JavaThread "Service Thread"             daemon [_thread_blocked, id=5468, stack(0x000000ce1ee00000,0x000000ce1ef00000) (1024K)]
  0x0000029e764a0160 JavaThread "Monitor Deflation Thread"   daemon [_thread_blocked, id=3632, stack(0x000000ce1ef00000,0x000000ce1f000000) (1024K)]
=>0x0000029e764a3f10 JavaThread "C2 CompilerThread0"         daemon [_thread_in_vm, id=23076, stack(0x000000ce1f000000,0x000000ce1f100000) (1024K)]
  0x0000029e764cf610 JavaThread "C1 CompilerThread0"         daemon [_thread_in_native, id=13484, stack(0x000000ce1f100000,0x000000ce1f200000) (1024K)]
  0x0000029e7659a560 JavaThread "Common-Cleaner"             daemon [_thread_blocked, id=23512, stack(0x000000ce1f200000,0x000000ce1f300000) (1024K)]
Total: 10

Other Threads:
  0x0000029e74475020 VMThread "VM Thread"                           [id=19096, stack(0x000000ce1e900000,0x000000ce1ea00000) (1024K)]
  0x0000029e7436ca10 WatcherThread "VM Periodic Task Thread"        [id=17448, stack(0x000000ce1e800000,0x000000ce1e900000) (1024K)]
  0x0000029e6f0bfc60 WorkerThread "GC Thread#0"                     [id=21844, stack(0x000000ce1e700000,0x000000ce1e800000) (1024K)]
Total: 3

Threads with active compile tasks:
C1 CompilerThread0  149    6       3       jdk.internal.util.ArraysSupport::vectorizedHashCode (158 bytes)
Total: 1

VM state: not at safepoint (normal execution)

VM Mutex/Monitor currently owned by a thread: None

Heap address: 0x00000000c0000000, size: 1024 MB, Compressed Oops mode: 32-bit

CDS archive(s) mapped at: [0x0000029e0f000000-0x0000029e0fba0000-0x0000029e0fba0000), size 12189696, SharedBaseAddress: 0x0000029e0f000000, ArchiveRelocationMode: 1.
Compressed class space mapped at: 0x0000029e10000000-0x0000029e50000000, reserved size: 1073741824
Narrow klass base: 0x0000029e0f000000, Narrow klass shift: 0, Narrow klass range: 0x100000000

GC Precious Log:
 CardTable entry size: 512
 CPUs: 12 total, 12 available
 Memory: 6005M
 Large Page Support: Disabled
 NUMA Support: Disabled
 Compressed Oops: Enabled (32-bit)
 Alignments: Space 512K, Generation 512K, Heap 2M
 Heap Min Capacity: 100M
 Heap Initial Capacity: 100M
 Heap Max Capacity: 1G
 Pre-touch: Disabled
 Parallel Workers: 10

Heap:
 PSYoungGen      total 29696K, used 3072K [0x00000000eab00000, 0x00000000ecc00000, 0x0000000100000000)
  eden space 25600K, 12% used [0x00000000eab00000,0x00000000eae00210,0x00000000ec400000)
  from space 4096K, 0% used [0x00000000ec800000,0x00000000ec800000,0x00000000ecc00000)
  to   space 4096K, 0% used [0x00000000ec400000,0x00000000ec400000,0x00000000ec800000)
 ParOldGen       total 68608K, used 0K [0x00000000c0000000, 0x00000000c4300000, 0x00000000eab00000)
  object space 68608K, 0% used [0x00000000c0000000,0x00000000c0000000,0x00000000c4300000)
 Metaspace       used 142K, committed 384K, reserved 1114112K
  class space    used 4K, committed 128K, reserved 1048576K

Card table byte_map: [0x0000029e6ea40000,0x0000029e6ec50000] _byte_map_base: 0x0000029e6e440000

Marking Bits: (ParMarkBitMap*) 0x00007ffb776931f0
 Begin Bits: [0x0000029e72290000, 0x0000029e73290000)
 End Bits:   [0x0000029e73290000, 0x0000029e74290000)

Polling page: 0x0000029e6cea0000

Metaspace:

Usage:
  Non-class:    138.26 KB used.
      Class:      4.55 KB used.
       Both:    142.81 KB used.

Virtual space:
  Non-class space:       64.00 MB reserved,     256.00 KB ( <1%) committed,  1 nodes.
      Class space:        1.00 GB reserved,     128.00 KB ( <1%) committed,  1 nodes.
             Both:        1.06 GB reserved,     384.00 KB ( <1%) committed. 

Chunk freelists:
   Non-Class:  12.00 MB
       Class:  15.75 MB
        Both:  27.74 MB

MaxMetaspaceSize: unlimited
CompressedClassSpaceSize: 1.00 GB
Initial GC threshold: 21.00 MB
Current GC threshold: 21.00 MB
CDS: on
 - commit_granule_bytes: 65536.
 - commit_granule_words: 8192.
 - virtual_space_node_default_size: 8388608.
 - enlarge_chunks_in_place: 1.
 - use_allocation_guard: 0.


Internal statistics:

num_allocs_failed_limit: 0.
num_arena_births: 6.
num_arena_deaths: 0.
num_vsnodes_births: 2.
num_vsnodes_deaths: 0.
num_space_committed: 6.
num_space_uncommitted: 0.
num_chunks_returned_to_freelist: 0.
num_chunks_taken_from_freelist: 7.
num_chunk_merges: 0.
num_chunk_splits: 5.
num_chunks_enlarged: 2.
num_inconsistent_stats: 0.

CodeHeap 'non-profiled nmethods': size=120000Kb used=23Kb max_used=23Kb free=119976Kb
 bounds [0x0000029e07ad0000, 0x0000029e07d40000, 0x0000029e0f000000]
CodeHeap 'profiled nmethods': size=120000Kb used=4Kb max_used=4Kb free=119995Kb
 bounds [0x0000029e00000000, 0x0000029e00270000, 0x0000029e07530000]
CodeHeap 'non-nmethods': size=5760Kb used=1105Kb max_used=1105Kb free=4654Kb
 bounds [0x0000029e07530000, 0x0000029e077a0000, 0x0000029e07ad0000]
 total_blobs=375 nmethods=32 adapters=265
 compilation: enabled
              stopped_count=0, restarted_count=0
 full_count=0

Compilation events (9 events):
Event: 0.122 Thread 0x0000029e764cf610    1       3       jdk.internal.util.ArraysSupport::signedHashCode (37 bytes)
Event: 0.123 Thread 0x0000029e764cf610 nmethod 1 0x0000029e00000010 code [0x0000029e000001c0, 0x0000029e00000390]
Event: 0.123 Thread 0x0000029e764cf610    2       3       java.lang.Object::<init> (1 bytes)
Event: 0.123 Thread 0x0000029e764cf610 nmethod 2 0x0000029e00000490 code [0x0000029e00000620, 0x0000029e00000728]
Event: 0.123 Thread 0x0000029e764cf610    4       3       java.lang.String::isLatin1 (19 bytes)
Event: 0.123 Thread 0x0000029e764cf610 nmethod 4 0x0000029e00000790 code [0x0000029e00000940, 0x0000029e00000ab0]
Event: 0.123 Thread 0x0000029e764cf610    5       3       java.lang.String::hashCode (60 bytes)
Event: 0.123 Thread 0x0000029e764cf610 nmethod 5 0x0000029e00000b10 code [0x0000029e00000ce0, 0x0000029e00001020]
Event: 0.124 Thread 0x0000029e764cf610    6       3       jdk.internal.util.ArraysSupport::vectorizedHashCode (158 bytes)

GC Heap History (0 events):
No events

Dll operation events (1 events):
Event: 0.093 Loaded shared library c:\Users\jeffe\.vscode\extensions\redhat.java-1.42.0-win32-x64\jre\21.0.7-win32-x86_64\bin\java.dll

Deoptimization events (0 events):
No events

Classes loaded (0 events):
No events

Classes unloaded (0 events):
No events

Classes redefined (0 events):
No events

Internal exceptions (0 events):
No events

ZGC Phase Switch (0 events):
No events

VM Operations (0 events):
No events

Memory protections (0 events):
No events

Nmethod flushes (0 events):
No events

Events (9 events):
Event: 0.109 Thread 0x0000029e6f0a1250 Thread added: 0x0000029e6f0a1250
Event: 0.120 Thread 0x0000029e6f0a1250 Thread added: 0x0000029e76494090
Event: 0.120 Thread 0x0000029e6f0a1250 Thread added: 0x0000029e76494ce0
Event: 0.121 Thread 0x0000029e6f0a1250 Thread added: 0x0000029e76498150
Event: 0.121 Thread 0x0000029e6f0a1250 Thread added: 0x0000029e76499820
Event: 0.121 Thread 0x0000029e6f0a1250 Thread added: 0x0000029e7649edc0
Event: 0.121 Thread 0x0000029e6f0a1250 Thread added: 0x0000029e764a0160
Event: 0.121 Thread 0x0000029e6f0a1250 Thread added: 0x0000029e764a3f10
Event: 0.121 Thread 0x0000029e6f0a1250 Thread added: 0x0000029e764cf610


Dynamic libraries:
0x00007ff674e20000 - 0x00007ff674e2e000 	c:\Users\jeffe\.vscode\extensions\redhat.java-1.42.0-win32-x64\jre\21.0.7-win32-x86_64\bin\java.exe
0x00007ffc0c8f0000 - 0x00007ffc0cb07000 	C:\WINDOWS\SYSTEM32\ntdll.dll
0x00007ffc0ada0000 - 0x00007ffc0ae64000 	C:\WINDOWS\System32\KERNEL32.DLL
0x00007ffc0a1a0000 - 0x00007ffc0a572000 	C:\WINDOWS\System32\KERNELBASE.dll
0x00007ffc099e0000 - 0x00007ffc09af1000 	C:\WINDOWS\System32\ucrtbase.dll
0x00007ffc06910000 - 0x00007ffc0692e000 	c:\Users\jeffe\.vscode\extensions\redhat.java-1.42.0-win32-x64\jre\21.0.7-win32-x86_64\bin\VCRUNTIME140.dll
0x00007ffc042c0000 - 0x00007ffc042d8000 	c:\Users\jeffe\.vscode\extensions\redhat.java-1.42.0-win32-x64\jre\21.0.7-win32-x86_64\bin\jli.dll
0x00007ffc0af50000 - 0x00007ffc0b101000 	C:\WINDOWS\System32\USER32.dll
0x00007ffbf7710000 - 0x00007ffbf79ab000 	C:\WINDOWS\WinSxS\amd64_microsoft.windows.common-controls_6595b64144ccf1df_6.0.22621.5415_none_270d77d17387d7da\COMCTL32.dll
0x00007ffc09d50000 - 0x00007ffc09d76000 	C:\WINDOWS\System32\win32u.dll
0x00007ffc0b660000 - 0x00007ffc0b707000 	C:\WINDOWS\System32\msvcrt.dll
0x00007ffc0b4d0000 - 0x00007ffc0b4f9000 	C:\WINDOWS\System32\GDI32.dll
0x00007ffc09b00000 - 0x00007ffc09c23000 	C:\WINDOWS\System32\gdi32full.dll
0x00007ffc09cb0000 - 0x00007ffc09d4a000 	C:\WINDOWS\System32\msvcp_win.dll
0x00007ffc0b500000 - 0x00007ffc0b531000 	C:\WINDOWS\System32\IMM32.DLL
0x00007ffc06900000 - 0x00007ffc0690c000 	c:\Users\jeffe\.vscode\extensions\redhat.java-1.42.0-win32-x64\jre\21.0.7-win32-x86_64\bin\vcruntime140_1.dll
0x00007ffb77770000 - 0x00007ffb777fd000 	c:\Users\jeffe\.vscode\extensions\redhat.java-1.42.0-win32-x64\jre\21.0.7-win32-x86_64\bin\msvcp140.dll
0x00007ffb769e0000 - 0x00007ffb77770000 	c:\Users\jeffe\.vscode\extensions\redhat.java-1.42.0-win32-x64\jre\21.0.7-win32-x86_64\bin\server\jvm.dll
0x00007ffc0a880000 - 0x00007ffc0a931000 	C:\WINDOWS\System32\ADVAPI32.dll
0x00007ffc0a580000 - 0x00007ffc0a628000 	C:\WINDOWS\System32\sechost.dll
0x00007ffc09ec0000 - 0x00007ffc09ee8000 	C:\WINDOWS\System32\bcrypt.dll
0x00007ffc0b150000 - 0x00007ffc0b264000 	C:\WINDOWS\System32\RPCRT4.dll
0x00007ffc0c6a0000 - 0x00007ffc0c711000 	C:\WINDOWS\System32\WS2_32.dll
0x00007ffc098b0000 - 0x00007ffc098fd000 	C:\WINDOWS\SYSTEM32\POWRPROF.dll
0x00007ffc00a00000 - 0x00007ffc00a0a000 	C:\WINDOWS\SYSTEM32\VERSION.dll
0x00007ffc03d70000 - 0x00007ffc03da4000 	C:\WINDOWS\SYSTEM32\WINMM.dll
0x00007ffc09890000 - 0x00007ffc098a3000 	C:\WINDOWS\SYSTEM32\UMPDC.dll
0x00007ffc089e0000 - 0x00007ffc089f8000 	C:\WINDOWS\SYSTEM32\kernel.appcore.dll
0x00007ffc042b0000 - 0x00007ffc042ba000 	c:\Users\jeffe\.vscode\extensions\redhat.java-1.42.0-win32-x64\jre\21.0.7-win32-x86_64\bin\jimage.dll
0x00007ffc01d70000 - 0x00007ffc01fa3000 	C:\WINDOWS\SYSTEM32\DBGHELP.DLL
0x00007ffc0a950000 - 0x00007ffc0ace3000 	C:\WINDOWS\System32\combase.dll
0x00007ffc0ae70000 - 0x00007ffc0af47000 	C:\WINDOWS\System32\OLEAUT32.dll
0x00007ffbf7c40000 - 0x00007ffbf7c72000 	C:\WINDOWS\SYSTEM32\dbgcore.DLL
0x00007ffc09d80000 - 0x00007ffc09dfb000 	C:\WINDOWS\System32\bcryptPrimitives.dll
0x00007ffc042a0000 - 0x00007ffc042af000 	c:\Users\jeffe\.vscode\extensions\redhat.java-1.42.0-win32-x64\jre\21.0.7-win32-x86_64\bin\instrument.dll
0x00007ffbe6320000 - 0x00007ffbe633f000 	c:\Users\jeffe\.vscode\extensions\redhat.java-1.42.0-win32-x64\jre\21.0.7-win32-x86_64\bin\java.dll
0x00007ffc0bb90000 - 0x00007ffc0c432000 	C:\WINDOWS\System32\SHELL32.dll
0x00007ffc09ef0000 - 0x00007ffc0a02f000 	C:\WINDOWS\System32\wintypes.dll
0x00007ffc078c0000 - 0x00007ffc081de000 	C:\WINDOWS\SYSTEM32\windows.storage.dll
0x00007ffc0c720000 - 0x00007ffc0c82b000 	C:\WINDOWS\System32\SHCORE.dll
0x00007ffc0c440000 - 0x00007ffc0c4a9000 	C:\WINDOWS\System32\shlwapi.dll
0x00007ffc09910000 - 0x00007ffc0993b000 	C:\WINDOWS\SYSTEM32\profapi.dll

dbghelp: loaded successfully - version: 4.0.5 - missing functions: none
symbol engine: initialized successfully - sym options: 0x614 - pdb path: .;c:\Users\jeffe\.vscode\extensions\redhat.java-1.42.0-win32-x64\jre\21.0.7-win32-x86_64\bin;C:\WINDOWS\SYSTEM32;C:\WINDOWS\WinSxS\amd64_microsoft.windows.common-controls_6595b64144ccf1df_6.0.22621.5415_none_270d77d17387d7da;c:\Users\jeffe\.vscode\extensions\redhat.java-1.42.0-win32-x64\jre\21.0.7-win32-x86_64\bin\server

VM Arguments:
jvm_args: --add-modules=ALL-SYSTEM --add-opens=java.base/java.util=ALL-UNNAMED --add-opens=java.base/java.lang=ALL-UNNAMED --add-opens=java.base/sun.nio.fs=ALL-UNNAMED -Declipse.application=org.eclipse.jdt.ls.core.id1 -Dosgi.bundles.defaultStartLevel=4 -Declipse.product=org.eclipse.jdt.ls.core.product -Djava.import.generatesMetadataFilesAtProjectRoot=false -DDetectVMInstallationsJob.disabled=true -Dfile.encoding=utf8 -XX:+UseParallelGC -XX:GCTimeRatio=4 -XX:AdaptiveSizePolicyWeight=90 -Dsun.zip.disableMemoryMapping=true -Xmx1G -Xms100m -Xlog:disable -javaagent:c:\Users\jeffe\.vscode\extensions\redhat.java-1.42.0-win32-x64\lombok\lombok-1.18.36.jar 
java_command: c:\Users\jeffe\.vscode\extensions\redhat.java-1.42.0-win32-x64\server\plugins\org.eclipse.equinox.launcher_1.7.0.v20250424-1814.jar -configuration c:\Users\jeffe\AppData\Roaming\Code\User\globalStorage\redhat.java\1.42.0\config_ss_win -data c:\Users\jeffe\AppData\Roaming\Code\User\workspaceStorage\8090ab8cd502d47d9f584578e3609a46\redhat.java\ss_ws --pipe=\\.\pipe\lsp-e55d479b6daab306034bfee2d8bebf9e-sock
java_class_path (initial): c:\Users\jeffe\.vscode\extensions\redhat.java-1.42.0-win32-x64\server\plugins\org.eclipse.equinox.launcher_1.7.0.v20250424-1814.jar
Launcher Type: SUN_STANDARD

[Global flags]
    uintx AdaptiveSizePolicyWeight                 = 90                                        {product} {command line}
     intx CICompilerCount                          = 4                                         {product} {ergonomic}
    uintx GCTimeRatio                              = 4                                         {product} {command line}
   size_t InitialHeapSize                          = 104857600                                 {product} {command line}
   size_t MaxHeapSize                              = 1073741824                                {product} {command line}
   size_t MaxNewSize                               = 357564416                                 {product} {ergonomic}
   size_t MinHeapDeltaBytes                        = 524288                                    {product} {ergonomic}
   size_t MinHeapSize                              = 104857600                                 {product} {command line}
   size_t NewSize                                  = 34603008                                  {product} {ergonomic}
    uintx NonNMethodCodeHeapSize                   = 5839372                                {pd product} {ergonomic}
    uintx NonProfiledCodeHeapSize                  = 122909434                              {pd product} {ergonomic}
   size_t OldSize                                  = 70254592                                  {product} {ergonomic}
    uintx ProfiledCodeHeapSize                     = 122909434                              {pd product} {ergonomic}
    uintx ReservedCodeCacheSize                    = 251658240                              {pd product} {ergonomic}
     bool SegmentedCodeCache                       = true                                      {product} {ergonomic}
   size_t SoftMaxHeapSize                          = 1073741824                             {manageable} {ergonomic}
     bool UseCompressedOops                        = true                           {product lp64_product} {ergonomic}
     bool UseLargePagesIndividualAllocation        = false                                  {pd product} {ergonomic}
     bool UseParallelGC                            = true                                      {product} {command line}

Logging:
Log output configuration:
 #0: stdout all=off uptime,level,tags foldmultilines=false
 #1: stderr all=off uptime,level,tags foldmultilines=false

Environment Variables:
JAVA_HOME=C:\Program Files\Java\jdk-21
PATH=C:\app\jeffe\product\21c\dbhomeXE\bin;C:\Python311\Scripts\;C:\Python311\;C:\Program Files\Common Files\Oracle\Java\javapath;C:\WINDOWS\system32;C:\WINDOWS;C:\WINDOWS\System32\Wbem;C:\WINDOWS\System32\WindowsPowerShell\v1.0\;C:\WINDOWS\System32\OpenSSH\;C:\ProgramData\chocolatey\bin;C:\MinGW\bin;C:\Program Files\apache-ant-1.10.14\bin;C:\Program Files\Git\cmd;C:\Program Files\swipl\bin;C:\Users\jeffe\OneDrive\Área de Trabalho\apache-maven-3.9.9-bin\apache-maven-3.9.9\bin;C:\Program Files\Java\jdk-21\bin;C:\Program Files\nodejs\;C:\Program Files\AMD\AMDuProf\bin;C:\apache-maven-3.9.9\bin;C:\Program Files\Docker\Docker\resources\bin;C:\Program Files\OpenSSL-Win64\bin;C:\app\jeffe\product\21c\dbhomeXE\bin;C:\Python311\Scripts\;C:\Python311\;C:\WINDOWS\system32;C:\WINDOWS;C:\WINDOWS\System32\Wbem;C:\WINDOWS\System32\WindowsPowerShell\v1.0\;C:\WINDOWS\System32\OpenSSH\;C:\Program Files\nodejs\;C:\ProgramData\chocolatey\bin;C:\MinGW\bin;C:\Program Files\Docker\Docker\resources\bin;C:\Program Files\apache-ant-1.10.14\bin;C:\Program Files\Git\cmd;C:\Program Files\swipl\bin;C:\Users\jeffe\OneDrive\Área de Trabalho\apache-maven-3.9.9-bin\apache-maven-3.9.9\bin;C:\Ruby33-x64\bin;C:\Users\jeffe\AppData\Local\Microsoft\WindowsApps;C:\msys64\ucrt64\bin;C:\Users\jeffe\AppData\Local\Programs\Python\Python310\Scripts;C:\Users\jeffe\AppData\Local\Programs\Microsoft VS Code\bin;C:\msys64\ucrt64\bin;C:\MinGW\bin;C:\ghcup\bin;C:\Users\jeffe\OneDrive\Área de Trabalho\apache-maven-3.9.9-bin\apache-maven-3.9.9\bin;C:\Program Files\Java\jdk-17\bin;C:\Program Files\JetBrains\IntelliJ IDEA 2024.3\bin;C:\Users\jeffe\AppData\Local\JetBrains\Toolbox\scripts;C:\Users\jeffe\AppData\Roaming\npm
USERNAME=jeffe
OS=Windows_NT
PROCESSOR_IDENTIFIER=AMD64 Family 23 Model 104 Stepping 1, AuthenticAMD
TMP=C:\Users\jeffe\AppData\Local\Temp
TEMP=C:\Users\jeffe\AppData\Local\Temp




Periodic native trim disabled

---------------  S Y S T E M  ---------------

OS:
 Windows 11 , 64 bit Build 22621 (10.0.22621.5415)
OS uptime: 0 days 2:03 hours
Hyper-V role detected

CPU: total 12 (initial active 12) (12 cores per cpu, 2 threads per core) family 23 model 104 stepping 1 microcode 0x0, cx8, cmov, fxsr, ht, mmx, 3dnowpref, sse, sse2, sse3, ssse3, sse4a, sse4.1, sse4.2, popcnt, lzcnt, tsc, tscinvbit, avx, avx2, aes, clmul, bmi1, bmi2, adx, sha, fma, vzeroupper, clflush, clflushopt, hv, rdtscp, rdpid, f16c
Processor Information for processor 0
  Max Mhz: 2100, Current Mhz: 2100, Mhz Limit: 2100
Processor Information for processor 1
  Max Mhz: 2100, Current Mhz: 1988, Mhz Limit: 2100
Processor Information for processor 2
  Max Mhz: 2100, Current Mhz: 1988, Mhz Limit: 2100
Processor Information for processor 3
  Max Mhz: 2100, Current Mhz: 1988, Mhz Limit: 2100
Processor Information for processor 4
  Max Mhz: 2100, Current Mhz: 1988, Mhz Limit: 2100
Processor Information for processor 5
  Max Mhz: 2100, Current Mhz: 1988, Mhz Limit: 2100
Processor Information for processor 6
  Max Mhz: 2100, Current Mhz: 1988, Mhz Limit: 2100
Processor Information for processor 7
  Max Mhz: 2100, Current Mhz: 2100, Mhz Limit: 2100
Processor Information for processor 8
  Max Mhz: 2100, Current Mhz: 1988, Mhz Limit: 2100
Processor Information for processor 9
  Max Mhz: 2100, Current Mhz: 1988, Mhz Limit: 2100
Processor Information for processor 10
  Max Mhz: 2100, Current Mhz: 2100, Mhz Limit: 2100
Processor Information for processor 11
  Max Mhz: 2100, Current Mhz: 2100, Mhz Limit: 2100

Memory: 4k page, system-wide physical 6005M (292M free)
TotalPageFile size 24437M (AvailPageFile size 22M)
current process WorkingSet (physical memory assigned to process): 31M, peak: 31M
current process commit charge ("private bytes"): 192M, peak: 192M

vm_info: OpenJDK 64-Bit Server VM (21.0.7+6-LTS) for windows-amd64 JRE (21.0.7+6-LTS), built on 2025-04-15T00:00:00Z by "admin" with MS VC++ 17.7 (VS2022)

END.
